{"@timestamp":"2024-03-17T16:56:31.8727543+02:00","@version":"1","message":"Starting IntegrityCheckApplication using Java 17.0.10 with PID 13524 (C:\\Users\\horia.beiusanu\\Documents\\uni\\licenta\\integrity-check\\build\\classes\\java\\main started by horia.beiusanu in C:\\Users\\horia.beiusanu\\Documents\\uni\\licenta\\integrity-check)","logger_name":"com.example.integritycheck.IntegrityCheckApplication","thread_name":"main","level":"INFO","level_value":20000}
{"@timestamp":"2024-03-17T16:56:31.8807625+02:00","@version":"1","message":"No active profile set, falling back to 1 default profile: \"default\"","logger_name":"com.example.integritycheck.IntegrityCheckApplication","thread_name":"main","level":"INFO","level_value":20000}
{"@timestamp":"2024-03-17T16:56:32.4008319+02:00","@version":"1","message":"Started IntegrityCheckApplication in 0.787 seconds (process running for 1.486)","logger_name":"com.example.integritycheck.IntegrityCheckApplication","thread_name":"main","level":"INFO","level_value":20000}
{"@timestamp":"2024-03-17T16:58:23.3908998+02:00","@version":"1","message":"Starting IntegrityCheckApplication using Java 17.0.10 with PID 8952 (C:\\Users\\horia.beiusanu\\Documents\\uni\\licenta\\integrity-check\\build\\classes\\java\\main started by horia.beiusanu in C:\\Users\\horia.beiusanu\\Documents\\uni\\licenta\\integrity-check)","logger_name":"com.example.integritycheck.IntegrityCheckApplication","thread_name":"main","level":"INFO","level_value":20000}
{"@timestamp":"2024-03-17T16:58:23.3981375+02:00","@version":"1","message":"No active profile set, falling back to 1 default profile: \"default\"","logger_name":"com.example.integritycheck.IntegrityCheckApplication","thread_name":"main","level":"INFO","level_value":20000}
{"@timestamp":"2024-03-17T16:58:23.7839711+02:00","@version":"1","message":"Started IntegrityCheckApplication in 0.592 seconds (process running for 1.137)","logger_name":"com.example.integritycheck.IntegrityCheckApplication","thread_name":"main","level":"INFO","level_value":20000}
{"@timestamp":"2024-03-17T17:00:35.5626718+02:00","@version":"1","message":"Starting IntegrityCheckApplication using Java 17.0.10 with PID 7180 (C:\\Users\\horia.beiusanu\\Documents\\uni\\licenta\\integrity-check\\build\\classes\\java\\main started by horia.beiusanu in C:\\Users\\horia.beiusanu\\Documents\\uni\\licenta\\integrity-check)","logger_name":"com.example.integritycheck.IntegrityCheckApplication","thread_name":"main","level":"INFO","level_value":20000}
{"@timestamp":"2024-03-17T17:00:35.5770336+02:00","@version":"1","message":"No active profile set, falling back to 1 default profile: \"default\"","logger_name":"com.example.integritycheck.IntegrityCheckApplication","thread_name":"main","level":"INFO","level_value":20000}
{"@timestamp":"2024-03-17T17:00:35.9732404+02:00","@version":"1","message":"Started IntegrityCheckApplication in 0.608 seconds (process running for 1.14)","logger_name":"com.example.integritycheck.IntegrityCheckApplication","thread_name":"main","level":"INFO","level_value":20000}
{"@timestamp":"2024-03-17T17:01:47.5238595+02:00","@version":"1","message":"Starting IntegrityCheckApplication using Java 17.0.10 with PID 22032 (C:\\Users\\horia.beiusanu\\Documents\\uni\\licenta\\integrity-check\\build\\classes\\java\\main started by horia.beiusanu in C:\\Users\\horia.beiusanu\\Documents\\uni\\licenta\\integrity-check)","logger_name":"com.example.integritycheck.IntegrityCheckApplication","thread_name":"main","level":"INFO","level_value":20000}
{"@timestamp":"2024-03-17T17:01:47.5308719+02:00","@version":"1","message":"No active profile set, falling back to 1 default profile: \"default\"","logger_name":"com.example.integritycheck.IntegrityCheckApplication","thread_name":"main","level":"INFO","level_value":20000}
{"@timestamp":"2024-03-17T17:01:48.042861+02:00","@version":"1","message":"Tomcat initialized with port 8080 (http)","logger_name":"org.springframework.boot.web.embedded.tomcat.TomcatWebServer","thread_name":"main","level":"INFO","level_value":20000}
{"@timestamp":"2024-03-17T17:01:48.0478776+02:00","@version":"1","message":"Initializing ProtocolHandler [\"http-nio-8080\"]","logger_name":"org.apache.coyote.http11.Http11NioProtocol","thread_name":"main","level":"INFO","level_value":20000}
{"@timestamp":"2024-03-17T17:01:48.0488774+02:00","@version":"1","message":"Starting service [Tomcat]","logger_name":"org.apache.catalina.core.StandardService","thread_name":"main","level":"INFO","level_value":20000}
{"@timestamp":"2024-03-17T17:01:48.0498708+02:00","@version":"1","message":"Starting Servlet engine: [Apache Tomcat/10.1.19]","logger_name":"org.apache.catalina.core.StandardEngine","thread_name":"main","level":"INFO","level_value":20000}
{"@timestamp":"2024-03-17T17:01:48.0804901+02:00","@version":"1","message":"Initializing Spring embedded WebApplicationContext","logger_name":"org.apache.catalina.core.ContainerBase.[Tomcat].[localhost].[/]","thread_name":"main","level":"INFO","level_value":20000}
{"@timestamp":"2024-03-17T17:01:48.0814899+02:00","@version":"1","message":"Root WebApplicationContext: initialization completed in 522 ms","logger_name":"org.springframework.boot.web.servlet.context.ServletWebServerApplicationContext","thread_name":"main","level":"INFO","level_value":20000}
{"@timestamp":"2024-03-17T17:01:48.2678329+02:00","@version":"1","message":"Starting ProtocolHandler [\"http-nio-8080\"]","logger_name":"org.apache.coyote.http11.Http11NioProtocol","thread_name":"main","level":"INFO","level_value":20000}
{"@timestamp":"2024-03-17T17:01:48.28237+02:00","@version":"1","message":"Tomcat started on port 8080 (http) with context path ''","logger_name":"org.springframework.boot.web.embedded.tomcat.TomcatWebServer","thread_name":"main","level":"INFO","level_value":20000}
{"@timestamp":"2024-03-17T17:01:48.2873624+02:00","@version":"1","message":"Started IntegrityCheckApplication in 0.985 seconds (process running for 1.569)","logger_name":"com.example.integritycheck.IntegrityCheckApplication","thread_name":"main","level":"INFO","level_value":20000}
{"@timestamp":"2024-03-17T17:02:43.6873205+02:00","@version":"1","message":"Initializing Spring DispatcherServlet 'dispatcherServlet'","logger_name":"org.apache.catalina.core.ContainerBase.[Tomcat].[localhost].[/]","thread_name":"http-nio-8080-exec-2","level":"INFO","level_value":20000}
{"@timestamp":"2024-03-17T17:02:43.6873205+02:00","@version":"1","message":"Initializing Servlet 'dispatcherServlet'","logger_name":"org.springframework.web.servlet.DispatcherServlet","thread_name":"http-nio-8080-exec-2","level":"INFO","level_value":20000}
{"@timestamp":"2024-03-17T17:02:43.6883356+02:00","@version":"1","message":"Completed initialization in 1 ms","logger_name":"org.springframework.web.servlet.DispatcherServlet","thread_name":"http-nio-8080-exec-2","level":"INFO","level_value":20000}
{"@timestamp":"2024-03-17T17:02:49.7060471+02:00","@version":"1","message":"Endpoint was called at: 2024-03-17T17:02:49.706047100","logger_name":"com.example.integritycheck.SimpleRestController","thread_name":"http-nio-8080-exec-3","level":"INFO","level_value":20000}
{"@timestamp":"2024-03-17T17:02:54.5932965+02:00","@version":"1","message":"Endpoint was called at: 2024-03-17T17:02:54.593296500","logger_name":"com.example.integritycheck.SimpleRestController","thread_name":"http-nio-8080-exec-4","level":"INFO","level_value":20000}
{"@timestamp":"2024-03-17T17:02:55.5218927+02:00","@version":"1","message":"Endpoint was called at: 2024-03-17T17:02:55.521892700","logger_name":"com.example.integritycheck.SimpleRestController","thread_name":"http-nio-8080-exec-5","level":"INFO","level_value":20000}
{"@timestamp":"2024-03-17T17:08:22.4433061+02:00","@version":"1","message":"Endpoint was called at: 2024-03-17T17:08:22.443306100","logger_name":"com.example.integritycheck.SimpleRestController","thread_name":"http-nio-8080-exec-8","level":"INFO","level_value":20000}
{"@timestamp":"2024-03-17T17:20:33.6529039+02:00","@version":"1","message":"Endpoint was called at: 2024-03-17T17:20:33.652903900","logger_name":"com.example.integritycheck.SimpleRestController","thread_name":"http-nio-8080-exec-1","level":"INFO","level_value":20000}
{"@timestamp":"2024-03-17T17:21:58.3446681+02:00","@version":"1","message":"Endpoint was called at: 2024-03-17T17:21:58.344668100","logger_name":"com.example.integritycheck.SimpleRestController","thread_name":"http-nio-8080-exec-4","level":"INFO","level_value":20000}
{"@timestamp":"2024-03-17T17:22:09.8054858+02:00","@version":"1","message":"Endpoint was called at: 2024-03-17T17:22:09.805485800","logger_name":"com.example.integritycheck.SimpleRestController","thread_name":"http-nio-8080-exec-5","level":"INFO","level_value":20000}
{"@timestamp":"2024-03-17T17:22:15.3457976+02:00","@version":"1","message":"Endpoint was called at: 2024-03-17T17:22:15.345797600","logger_name":"com.example.integritycheck.SimpleRestController","thread_name":"http-nio-8080-exec-6","level":"INFO","level_value":20000}
{"@timestamp":"2024-03-17T17:28:45.0940107+02:00","@version":"1","message":"Endpoint was called at: 2024-03-17T17:28:45.094010700","logger_name":"com.example.integritycheck.SimpleRestController","thread_name":"http-nio-8080-exec-9","level":"INFO","level_value":20000}
{"@timestamp":"2024-03-17T17:28:45.6178338+02:00","@version":"1","message":"Endpoint was called at: 2024-03-17T17:28:45.617833800","logger_name":"com.example.integritycheck.SimpleRestController","thread_name":"http-nio-8080-exec-10","level":"INFO","level_value":20000}
{"@timestamp":"2024-03-17T17:28:46.1603826+02:00","@version":"1","message":"Endpoint was called at: 2024-03-17T17:28:46.160382600","logger_name":"com.example.integritycheck.SimpleRestController","thread_name":"http-nio-8080-exec-1","level":"INFO","level_value":20000}
{"@timestamp":"2024-03-17T17:28:46.7600369+02:00","@version":"1","message":"Endpoint was called at: 2024-03-17T17:28:46.760036900","logger_name":"com.example.integritycheck.SimpleRestController","thread_name":"http-nio-8080-exec-2","level":"INFO","level_value":20000}
{"@timestamp":"2024-03-17T17:28:53.0220216+02:00","@version":"1","message":"Endpoint was called at: 2024-03-17T17:28:53.022021600","logger_name":"com.example.integritycheck.SimpleRestController","thread_name":"http-nio-8080-exec-3","level":"INFO","level_value":20000}
{"@timestamp":"2024-03-17T17:28:53.6358575+02:00","@version":"1","message":"Endpoint was called at: 2024-03-17T17:28:53.635857500","logger_name":"com.example.integritycheck.SimpleRestController","thread_name":"http-nio-8080-exec-4","level":"INFO","level_value":20000}
{"@timestamp":"2024-03-17T17:28:54.348324+02:00","@version":"1","message":"Endpoint was called at: 2024-03-17T17:28:54.348324","logger_name":"com.example.integritycheck.SimpleRestController","thread_name":"http-nio-8080-exec-5","level":"INFO","level_value":20000}
{"@timestamp":"2024-03-17T17:28:55.0417855+02:00","@version":"1","message":"Endpoint was called at: 2024-03-17T17:28:55.041785500","logger_name":"com.example.integritycheck.SimpleRestController","thread_name":"http-nio-8080-exec-6","level":"INFO","level_value":20000}
{"@timestamp":"2024-03-17T17:29:08.3598443+02:00","@version":"1","message":"Endpoint was called at: 2024-03-17T17:29:08.359844300","logger_name":"com.example.integritycheck.SimpleRestController","thread_name":"http-nio-8080-exec-7","level":"INFO","level_value":20000}
{"@timestamp":"2024-03-17T17:29:09.7256435+02:00","@version":"1","message":"Endpoint was called at: 2024-03-17T17:29:09.725643500","logger_name":"com.example.integritycheck.SimpleRestController","thread_name":"http-nio-8080-exec-8","level":"INFO","level_value":20000}
{"@timestamp":"2024-03-17T17:29:10.5279588+02:00","@version":"1","message":"Endpoint was called at: 2024-03-17T17:29:10.527958800","logger_name":"com.example.integritycheck.SimpleRestController","thread_name":"http-nio-8080-exec-9","level":"INFO","level_value":20000}
{"@timestamp":"2024-03-17T17:29:11.3215025+02:00","@version":"1","message":"Endpoint was called at: 2024-03-17T17:29:11.321502500","logger_name":"com.example.integritycheck.SimpleRestController","thread_name":"http-nio-8080-exec-10","level":"INFO","level_value":20000}
{"@timestamp":"2024-03-17T17:37:25.3618655+02:00","@version":"1","message":"Endpoint was called at: 2024-03-17T17:37:25.361865500","logger_name":"com.example.integritycheck.SimpleRestController","thread_name":"http-nio-8080-exec-2","level":"INFO","level_value":20000}
{"@timestamp":"2024-03-17T17:37:26.1059916+02:00","@version":"1","message":"Endpoint was called at: 2024-03-17T17:37:26.105991600","logger_name":"com.example.integritycheck.SimpleRestController","thread_name":"http-nio-8080-exec-4","level":"INFO","level_value":20000}
{"@timestamp":"2024-03-17T17:40:52.7974673+02:00","@version":"1","message":"Endpoint was called at: 2024-03-17T17:40:52.797467300","logger_name":"com.example.integritycheck.SimpleRestController","thread_name":"http-nio-8080-exec-6","level":"INFO","level_value":20000}
{"@timestamp":"2024-03-17T17:57:37.2563327+02:00","@version":"1","message":"Endpoint was called at: 2024-03-17T17:57:37.256332700","logger_name":"com.example.integritycheck.SimpleRestController","thread_name":"http-nio-8080-exec-9","level":"INFO","level_value":20000}
{"@timestamp":"2024-03-17T17:57:38.4377486+02:00","@version":"1","message":"Endpoint was called at: 2024-03-17T17:57:38.437748600","logger_name":"com.example.integritycheck.SimpleRestController","thread_name":"http-nio-8080-exec-1","level":"INFO","level_value":20000}
{"@timestamp":"2024-03-17T17:57:39.8520002+02:00","@version":"1","message":"Endpoint was called at: 2024-03-17T17:57:39.852000200","logger_name":"com.example.integritycheck.SimpleRestController","thread_name":"http-nio-8080-exec-3","level":"INFO","level_value":20000}
{"@timestamp":"2024-03-17T18:10:13.1427454+02:00","@version":"1","message":"Endpoint was called at: 2024-03-17T18:10:13.142745400","logger_name":"com.example.integritycheck.SimpleRestController","thread_name":"http-nio-8080-exec-5","level":"INFO","level_value":20000}
{"@timestamp":"2024-03-17T18:10:22.7240865+02:00","@version":"1","message":"Endpoint was called at: 2024-03-17T18:10:22.722984300","logger_name":"com.example.integritycheck.SimpleRestController","thread_name":"http-nio-8080-exec-7","level":"INFO","level_value":20000}
{"@timestamp":"2024-03-17T18:11:08.6072317+02:00","@version":"1","message":"Endpoint was called at: 2024-03-17T18:11:08.606220900","logger_name":"com.example.integritycheck.SimpleRestController","thread_name":"http-nio-8080-exec-6","level":"INFO","level_value":20000}
{"@timestamp":"2024-03-17T18:11:09.2275808+02:00","@version":"1","message":"Endpoint was called at: 2024-03-17T18:11:09.227580800","logger_name":"com.example.integritycheck.SimpleRestController","thread_name":"http-nio-8080-exec-8","level":"INFO","level_value":20000}
{"@timestamp":"2024-03-17T18:11:09.93869+02:00","@version":"1","message":"Endpoint was called at: 2024-03-17T18:11:09.938690","logger_name":"com.example.integritycheck.SimpleRestController","thread_name":"http-nio-8080-exec-10","level":"INFO","level_value":20000}
{"@timestamp":"2024-03-17T18:11:10.6209093+02:00","@version":"1","message":"Endpoint was called at: 2024-03-17T18:11:10.620909300","logger_name":"com.example.integritycheck.SimpleRestController","thread_name":"http-nio-8080-exec-9","level":"INFO","level_value":20000}
{"@timestamp":"2024-03-17T18:11:40.6602713+02:00","@version":"1","message":"Endpoint was called at: 2024-03-17T18:11:40.660271300","logger_name":"com.example.integritycheck.SimpleRestController","thread_name":"http-nio-8080-exec-1","level":"INFO","level_value":20000}
{"@timestamp":"2024-03-17T18:11:41.0178226+02:00","@version":"1","message":"Endpoint was called at: 2024-03-17T18:11:41.017822600","logger_name":"com.example.integritycheck.SimpleRestController","thread_name":"http-nio-8080-exec-3","level":"INFO","level_value":20000}
{"@timestamp":"2024-03-17T18:11:41.3460071+02:00","@version":"1","message":"Endpoint was called at: 2024-03-17T18:11:41.346007100","logger_name":"com.example.integritycheck.SimpleRestController","thread_name":"http-nio-8080-exec-2","level":"INFO","level_value":20000}
{"@timestamp":"2024-03-17T18:11:41.8171295+02:00","@version":"1","message":"Endpoint was called at: 2024-03-17T18:11:41.817129500","logger_name":"com.example.integritycheck.SimpleRestController","thread_name":"http-nio-8080-exec-4","level":"INFO","level_value":20000}
{"@timestamp":"2024-03-17T20:38:09.2980273+02:00","@version":"1","message":"Endpoint was called at: 2024-03-17T20:38:09.298027300","logger_name":"com.example.integritycheck.SimpleRestController","thread_name":"http-nio-8080-exec-6","level":"INFO","level_value":20000}
{"@timestamp":"2024-03-17T21:13:40.0338384+02:00","@version":"1","message":"Starting IntegrityCheckApplication using Java 17.0.10 with PID 16648 (C:\\Users\\horia.beiusanu\\Documents\\uni\\licenta\\integrity-check\\build\\classes\\java\\main started by horia.beiusanu in C:\\Users\\horia.beiusanu\\Documents\\uni\\licenta\\integrity-check)","logger_name":"com.example.integritycheck.IntegrityCheckApplication","thread_name":"main","level":"INFO","level_value":20000}
{"@timestamp":"2024-03-17T21:13:40.0418642+02:00","@version":"1","message":"No active profile set, falling back to 1 default profile: \"default\"","logger_name":"com.example.integritycheck.IntegrityCheckApplication","thread_name":"main","level":"INFO","level_value":20000}
{"@timestamp":"2024-03-17T21:13:40.5107358+02:00","@version":"1","message":"Tomcat initialized with port 8080 (http)","logger_name":"org.springframework.boot.web.embedded.tomcat.TomcatWebServer","thread_name":"main","level":"INFO","level_value":20000}
{"@timestamp":"2024-03-17T21:13:40.5162439+02:00","@version":"1","message":"Initializing ProtocolHandler [\"http-nio-8080\"]","logger_name":"org.apache.coyote.http11.Http11NioProtocol","thread_name":"main","level":"INFO","level_value":20000}
{"@timestamp":"2024-03-17T21:13:40.517245+02:00","@version":"1","message":"Starting service [Tomcat]","logger_name":"org.apache.catalina.core.StandardService","thread_name":"main","level":"INFO","level_value":20000}
{"@timestamp":"2024-03-17T21:13:40.517245+02:00","@version":"1","message":"Starting Servlet engine: [Apache Tomcat/10.1.19]","logger_name":"org.apache.catalina.core.StandardEngine","thread_name":"main","level":"INFO","level_value":20000}
{"@timestamp":"2024-03-17T21:13:40.5482483+02:00","@version":"1","message":"Initializing Spring embedded WebApplicationContext","logger_name":"org.apache.catalina.core.ContainerBase.[Tomcat].[localhost].[/]","thread_name":"main","level":"INFO","level_value":20000}
{"@timestamp":"2024-03-17T21:13:40.5482483+02:00","@version":"1","message":"Root WebApplicationContext: initialization completed in 483 ms","logger_name":"org.springframework.boot.web.servlet.context.ServletWebServerApplicationContext","thread_name":"main","level":"INFO","level_value":20000}
{"@timestamp":"2024-03-17T21:13:40.7305688+02:00","@version":"1","message":"Starting ProtocolHandler [\"http-nio-8080\"]","logger_name":"org.apache.coyote.http11.Http11NioProtocol","thread_name":"main","level":"INFO","level_value":20000}
{"@timestamp":"2024-03-17T21:13:40.7465753+02:00","@version":"1","message":"Tomcat started on port 8080 (http) with context path ''","logger_name":"org.springframework.boot.web.embedded.tomcat.TomcatWebServer","thread_name":"main","level":"INFO","level_value":20000}
{"@timestamp":"2024-03-17T21:13:40.7516628+02:00","@version":"1","message":"Started IntegrityCheckApplication in 0.92 seconds (process running for 1.472)","logger_name":"com.example.integritycheck.IntegrityCheckApplication","thread_name":"main","level":"INFO","level_value":20000}
{"@timestamp":"2024-03-17T21:18:27.4527006+02:00","@version":"1","message":"Starting IntegrityCheckApplication using Java 17.0.10 with PID 19232 (C:\\Users\\horia.beiusanu\\Documents\\uni\\licenta\\integrity-check\\build\\classes\\java\\main started by horia.beiusanu in C:\\Users\\horia.beiusanu\\Documents\\uni\\licenta\\integrity-check)","logger_name":"com.example.integritycheck.IntegrityCheckApplication","thread_name":"main","level":"INFO","level_value":20000}
{"@timestamp":"2024-03-17T21:18:27.4607025+02:00","@version":"1","message":"No active profile set, falling back to 1 default profile: \"default\"","logger_name":"com.example.integritycheck.IntegrityCheckApplication","thread_name":"main","level":"INFO","level_value":20000}
{"@timestamp":"2024-03-17T21:18:27.9325215+02:00","@version":"1","message":"Tomcat initialized with port 8080 (http)","logger_name":"org.springframework.boot.web.embedded.tomcat.TomcatWebServer","thread_name":"main","level":"INFO","level_value":20000}
{"@timestamp":"2024-03-17T21:18:27.9385208+02:00","@version":"1","message":"Initializing ProtocolHandler [\"http-nio-8080\"]","logger_name":"org.apache.coyote.http11.Http11NioProtocol","thread_name":"main","level":"INFO","level_value":20000}
{"@timestamp":"2024-03-17T21:18:27.9395297+02:00","@version":"1","message":"Starting service [Tomcat]","logger_name":"org.apache.catalina.core.StandardService","thread_name":"main","level":"INFO","level_value":20000}
{"@timestamp":"2024-03-17T21:18:27.9395297+02:00","@version":"1","message":"Starting Servlet engine: [Apache Tomcat/10.1.19]","logger_name":"org.apache.catalina.core.StandardEngine","thread_name":"main","level":"INFO","level_value":20000}
{"@timestamp":"2024-03-17T21:18:27.9705226+02:00","@version":"1","message":"Initializing Spring embedded WebApplicationContext","logger_name":"org.apache.catalina.core.ContainerBase.[Tomcat].[localhost].[/]","thread_name":"main","level":"INFO","level_value":20000}
{"@timestamp":"2024-03-17T21:18:27.9705226+02:00","@version":"1","message":"Root WebApplicationContext: initialization completed in 487 ms","logger_name":"org.springframework.boot.web.servlet.context.ServletWebServerApplicationContext","thread_name":"main","level":"INFO","level_value":20000}
{"@timestamp":"2024-03-17T21:18:28.1632578+02:00","@version":"1","message":"Starting ProtocolHandler [\"http-nio-8080\"]","logger_name":"org.apache.coyote.http11.Http11NioProtocol","thread_name":"main","level":"INFO","level_value":20000}
{"@timestamp":"2024-03-17T21:18:28.1782626+02:00","@version":"1","message":"Tomcat started on port 8080 (http) with context path ''","logger_name":"org.springframework.boot.web.embedded.tomcat.TomcatWebServer","thread_name":"main","level":"INFO","level_value":20000}
{"@timestamp":"2024-03-17T21:18:28.1838738+02:00","@version":"1","message":"Started IntegrityCheckApplication in 0.939 seconds (process running for 1.513)","logger_name":"com.example.integritycheck.IntegrityCheckApplication","thread_name":"main","level":"INFO","level_value":20000}
{"@timestamp":"2024-03-17T21:19:59.7201192+02:00","@version":"1","message":"Starting IntegrityCheckApplication using Java 17.0.10 with PID 18088 (C:\\Users\\horia.beiusanu\\Documents\\uni\\licenta\\integrity-check\\build\\classes\\java\\main started by horia.beiusanu in C:\\Users\\horia.beiusanu\\Documents\\uni\\licenta\\integrity-check)","logger_name":"com.example.integritycheck.IntegrityCheckApplication","thread_name":"main","level":"INFO","level_value":20000}
{"@timestamp":"2024-03-17T21:19:59.727124+02:00","@version":"1","message":"No active profile set, falling back to 1 default profile: \"default\"","logger_name":"com.example.integritycheck.IntegrityCheckApplication","thread_name":"main","level":"INFO","level_value":20000}
{"@timestamp":"2024-03-17T21:20:00.2307881+02:00","@version":"1","message":"Tomcat initialized with port 8080 (http)","logger_name":"org.springframework.boot.web.embedded.tomcat.TomcatWebServer","thread_name":"main","level":"INFO","level_value":20000}
{"@timestamp":"2024-03-17T21:20:00.2357887+02:00","@version":"1","message":"Initializing ProtocolHandler [\"http-nio-8080\"]","logger_name":"org.apache.coyote.http11.Http11NioProtocol","thread_name":"main","level":"INFO","level_value":20000}
{"@timestamp":"2024-03-17T21:20:00.2367818+02:00","@version":"1","message":"Starting service [Tomcat]","logger_name":"org.apache.catalina.core.StandardService","thread_name":"main","level":"INFO","level_value":20000}
{"@timestamp":"2024-03-17T21:20:00.2367818+02:00","@version":"1","message":"Starting Servlet engine: [Apache Tomcat/10.1.19]","logger_name":"org.apache.catalina.core.StandardEngine","thread_name":"main","level":"INFO","level_value":20000}
{"@timestamp":"2024-03-17T21:20:00.2659904+02:00","@version":"1","message":"Initializing Spring embedded WebApplicationContext","logger_name":"org.apache.catalina.core.ContainerBase.[Tomcat].[localhost].[/]","thread_name":"main","level":"INFO","level_value":20000}
{"@timestamp":"2024-03-17T21:20:00.2659904+02:00","@version":"1","message":"Root WebApplicationContext: initialization completed in 514 ms","logger_name":"org.springframework.boot.web.servlet.context.ServletWebServerApplicationContext","thread_name":"main","level":"INFO","level_value":20000}
{"@timestamp":"2024-03-17T21:20:00.4476063+02:00","@version":"1","message":"Starting ProtocolHandler [\"http-nio-8080\"]","logger_name":"org.apache.coyote.http11.Http11NioProtocol","thread_name":"main","level":"INFO","level_value":20000}
{"@timestamp":"2024-03-17T21:20:00.464862+02:00","@version":"1","message":"Tomcat started on port 8080 (http) with context path ''","logger_name":"org.springframework.boot.web.embedded.tomcat.TomcatWebServer","thread_name":"main","level":"INFO","level_value":20000}
{"@timestamp":"2024-03-17T21:20:00.4708627+02:00","@version":"1","message":"Started IntegrityCheckApplication in 0.954 seconds (process running for 1.576)","logger_name":"com.example.integritycheck.IntegrityCheckApplication","thread_name":"main","level":"INFO","level_value":20000}
{"@timestamp":"2024-03-17T21:25:04.5309062+02:00","@version":"1","message":"Initializing Spring DispatcherServlet 'dispatcherServlet'","logger_name":"org.apache.catalina.core.ContainerBase.[Tomcat].[localhost].[/]","thread_name":"http-nio-8080-exec-1","level":"INFO","level_value":20000}
{"@timestamp":"2024-03-17T21:25:04.5319128+02:00","@version":"1","message":"Initializing Servlet 'dispatcherServlet'","logger_name":"org.springframework.web.servlet.DispatcherServlet","thread_name":"http-nio-8080-exec-1","level":"INFO","level_value":20000}
{"@timestamp":"2024-03-17T21:25:04.5329053+02:00","@version":"1","message":"Completed initialization in 1 ms","logger_name":"org.springframework.web.servlet.DispatcherServlet","thread_name":"http-nio-8080-exec-1","level":"INFO","level_value":20000}
{"@timestamp":"2024-03-17T21:25:04.5509164+02:00","@version":"1","message":"Endpoint was called at: 2024-03-17T21:25:04.550916400","logger_name":"com.example.integritycheck.SimpleRestController","thread_name":"http-nio-8080-exec-1","level":"INFO","level_value":20000}
{"@timestamp":"2024-03-17T21:25:05.4600988+02:00","@version":"1","message":"Endpoint was called at: 2024-03-17T21:25:05.460098800","logger_name":"com.example.integritycheck.SimpleRestController","thread_name":"http-nio-8080-exec-3","level":"INFO","level_value":20000}
{"@timestamp":"2024-03-17T21:25:07.4326244+02:00","@version":"1","message":"Endpoint was called at: 2024-03-17T21:25:07.432624400","logger_name":"com.example.integritycheck.SimpleRestController","thread_name":"http-nio-8080-exec-4","level":"INFO","level_value":20000}
{"@timestamp":"2024-03-17T21:25:08.0516069+02:00","@version":"1","message":"Endpoint was called at: 2024-03-17T21:25:08.051606900","logger_name":"com.example.integritycheck.SimpleRestController","thread_name":"http-nio-8080-exec-5","level":"INFO","level_value":20000}
{"@timestamp":"2024-03-17T21:25:08.5383383+02:00","@version":"1","message":"Endpoint was called at: 2024-03-17T21:25:08.538338300","logger_name":"com.example.integritycheck.SimpleRestController","thread_name":"http-nio-8080-exec-6","level":"INFO","level_value":20000}
{"@timestamp":"2024-03-17T21:25:09.045496+02:00","@version":"1","message":"Endpoint was called at: 2024-03-17T21:25:09.045496","logger_name":"com.example.integritycheck.SimpleRestController","thread_name":"http-nio-8080-exec-7","level":"INFO","level_value":20000}
{"@timestamp":"2024-03-17T21:25:09.5586546+02:00","@version":"1","message":"Endpoint was called at: 2024-03-17T21:25:09.558654600","logger_name":"com.example.integritycheck.SimpleRestController","thread_name":"http-nio-8080-exec-8","level":"INFO","level_value":20000}
{"@timestamp":"2024-03-17T21:25:10.1159685+02:00","@version":"1","message":"Endpoint was called at: 2024-03-17T21:25:10.115968500","logger_name":"com.example.integritycheck.SimpleRestController","thread_name":"http-nio-8080-exec-9","level":"INFO","level_value":20000}
{"@timestamp":"2024-03-17T21:25:10.5527862+02:00","@version":"1","message":"Endpoint was called at: 2024-03-17T21:25:10.552786200","logger_name":"com.example.integritycheck.SimpleRestController","thread_name":"http-nio-8080-exec-10","level":"INFO","level_value":20000}
{"@timestamp":"2024-03-17T21:25:11.0669792+02:00","@version":"1","message":"Endpoint was called at: 2024-03-17T21:25:11.066979200","logger_name":"com.example.integritycheck.SimpleRestController","thread_name":"http-nio-8080-exec-2","level":"INFO","level_value":20000}
{"@timestamp":"2024-03-17T21:25:11.5564613+02:00","@version":"1","message":"Endpoint was called at: 2024-03-17T21:25:11.556461300","logger_name":"com.example.integritycheck.SimpleRestController","thread_name":"http-nio-8080-exec-1","level":"INFO","level_value":20000}
{"@timestamp":"2024-03-17T21:25:12.060484+02:00","@version":"1","message":"Endpoint was called at: 2024-03-17T21:25:12.060484","logger_name":"com.example.integritycheck.SimpleRestController","thread_name":"http-nio-8080-exec-3","level":"INFO","level_value":20000}
{"@timestamp":"2024-03-17T21:25:12.5623263+02:00","@version":"1","message":"Endpoint was called at: 2024-03-17T21:25:12.562326300","logger_name":"com.example.integritycheck.SimpleRestController","thread_name":"http-nio-8080-exec-4","level":"INFO","level_value":20000}
{"@timestamp":"2024-03-17T21:25:13.0312266+02:00","@version":"1","message":"Endpoint was called at: 2024-03-17T21:25:13.031226600","logger_name":"com.example.integritycheck.SimpleRestController","thread_name":"http-nio-8080-exec-5","level":"INFO","level_value":20000}
{"@timestamp":"2024-03-17T21:25:13.5448525+02:00","@version":"1","message":"Endpoint was called at: 2024-03-17T21:25:13.543849400","logger_name":"com.example.integritycheck.SimpleRestController","thread_name":"http-nio-8080-exec-6","level":"INFO","level_value":20000}
{"@timestamp":"2024-03-17T21:25:14.0283925+02:00","@version":"1","message":"Endpoint was called at: 2024-03-17T21:25:14.028392500","logger_name":"com.example.integritycheck.SimpleRestController","thread_name":"http-nio-8080-exec-7","level":"INFO","level_value":20000}
{"@timestamp":"2024-03-17T21:25:14.5215955+02:00","@version":"1","message":"Endpoint was called at: 2024-03-17T21:25:14.521595500","logger_name":"com.example.integritycheck.SimpleRestController","thread_name":"http-nio-8080-exec-8","level":"INFO","level_value":20000}
{"@timestamp":"2024-03-17T21:25:14.9921804+02:00","@version":"1","message":"Endpoint was called at: 2024-03-17T21:25:14.992180400","logger_name":"com.example.integritycheck.SimpleRestController","thread_name":"http-nio-8080-exec-9","level":"INFO","level_value":20000}
{"@timestamp":"2024-03-17T21:25:15.4805831+02:00","@version":"1","message":"Endpoint was called at: 2024-03-17T21:25:15.480583100","logger_name":"com.example.integritycheck.SimpleRestController","thread_name":"http-nio-8080-exec-10","level":"INFO","level_value":20000}
{"@timestamp":"2024-03-17T23:48:57.6089983+02:00","@version":"1","message":"Error parsing HTTP request header\n Note: further occurrences of HTTP request parsing errors will be logged at DEBUG level.","logger_name":"org.apache.coyote.http11.Http11Processor","thread_name":"http-nio-8080-exec-3","level":"INFO","level_value":20000,"stack_trace":"java.lang.IllegalArgumentException: Invalid character found in method name [0x160x030x010x000xf70x010x000x000xf30x030x03b0x930xec0x14O0x8f0x19b0xaa0x9b0xebt0xef0xcf0xa50x0b0x1a0xdf0x9d0xee0x800x8c0x1bi(0x0a&b0x85 ]. HTTP method names must be tokens\r\n\tat org.apache.coyote.http11.Http11InputBuffer.parseRequestLine(Http11InputBuffer.java:407)\r\n\tat org.apache.coyote.http11.Http11Processor.service(Http11Processor.java:264)\r\n\tat org.apache.coyote.AbstractProcessorLight.process(AbstractProcessorLight.java:63)\r\n\tat org.apache.coyote.AbstractProtocol$ConnectionHandler.process(AbstractProtocol.java:896)\r\n\tat org.apache.tomcat.util.net.NioEndpoint$SocketProcessor.doRun(NioEndpoint.java:1744)\r\n\tat org.apache.tomcat.util.net.SocketProcessorBase.run(SocketProcessorBase.java:52)\r\n\tat org.apache.tomcat.util.threads.ThreadPoolExecutor.runWorker(ThreadPoolExecutor.java:1191)\r\n\tat org.apache.tomcat.util.threads.ThreadPoolExecutor$Worker.run(ThreadPoolExecutor.java:659)\r\n\tat org.apache.tomcat.util.threads.TaskThread$WrappingRunnable.run(TaskThread.java:63)\r\n\tat java.base/java.lang.Thread.run(Thread.java:842)\r\n"}
{"@timestamp":"2024-03-17T23:49:01.6620766+02:00","@version":"1","message":"Endpoint was called at: 2024-03-17T23:49:01.662076600","logger_name":"com.example.integritycheck.SimpleRestController","thread_name":"http-nio-8080-exec-5","level":"INFO","level_value":20000}
{"@timestamp":"2024-03-17T23:53:29.3358273+02:00","@version":"1","message":"Endpoint was called at: 2024-03-17T23:53:29.335827300","logger_name":"com.example.integritycheck.SimpleRestController","thread_name":"http-nio-8080-exec-8","level":"INFO","level_value":20000}
{"@timestamp":"2024-03-17T23:57:33.8489425+02:00","@version":"1","message":"Endpoint was called at: 2024-03-17T23:57:33.848942500","logger_name":"com.example.integritycheck.SimpleRestController","thread_name":"http-nio-8080-exec-2","level":"INFO","level_value":20000}
{"@timestamp":"2024-03-17T23:57:34.3998557+02:00","@version":"1","message":"Endpoint was called at: 2024-03-17T23:57:34.399855700","logger_name":"com.example.integritycheck.SimpleRestController","thread_name":"http-nio-8080-exec-1","level":"INFO","level_value":20000}
{"@timestamp":"2024-03-17T23:57:35.100854+02:00","@version":"1","message":"Endpoint was called at: 2024-03-17T23:57:35.100854","logger_name":"com.example.integritycheck.SimpleRestController","thread_name":"http-nio-8080-exec-3","level":"INFO","level_value":20000}
{"@timestamp":"2024-03-17T23:57:36.0443281+02:00","@version":"1","message":"Endpoint was called at: 2024-03-17T23:57:36.044328100","logger_name":"com.example.integritycheck.SimpleRestController","thread_name":"http-nio-8080-exec-4","level":"INFO","level_value":20000}
{"@timestamp":"2024-03-17T23:57:36.883045+02:00","@version":"1","message":"Endpoint was called at: 2024-03-17T23:57:36.883045","logger_name":"com.example.integritycheck.SimpleRestController","thread_name":"http-nio-8080-exec-5","level":"INFO","level_value":20000}
{"@timestamp":"2024-03-18T00:09:08.1437989+02:00","@version":"1","message":"Endpoint was called at: 2024-03-18T00:09:08.143798900","logger_name":"com.example.integritycheck.SimpleRestController","thread_name":"http-nio-8080-exec-8","level":"INFO","level_value":20000}
{"@timestamp":"2024-03-18T00:09:53.2488104+02:00","@version":"1","message":"Endpoint was called at: 2024-03-18T00:09:53.248810400","logger_name":"com.example.integritycheck.SimpleRestController","thread_name":"http-nio-8080-exec-9","level":"INFO","level_value":20000}
{"@timestamp":"2024-03-18T00:09:53.9135534+02:00","@version":"1","message":"Endpoint was called at: 2024-03-18T00:09:53.913553400","logger_name":"com.example.integritycheck.SimpleRestController","thread_name":"http-nio-8080-exec-10","level":"INFO","level_value":20000}
{"@timestamp":"2024-03-18T00:09:54.8425656+02:00","@version":"1","message":"Endpoint was called at: 2024-03-18T00:09:54.842565600","logger_name":"com.example.integritycheck.SimpleRestController","thread_name":"http-nio-8080-exec-2","level":"INFO","level_value":20000}
{"@timestamp":"2024-03-18T00:09:55.7785811+02:00","@version":"1","message":"Endpoint was called at: 2024-03-18T00:09:55.778581100","logger_name":"com.example.integritycheck.SimpleRestController","thread_name":"http-nio-8080-exec-1","level":"INFO","level_value":20000}
{"@timestamp":"2024-03-18T00:14:32.9394293+02:00","@version":"1","message":"Endpoint was called at: 2024-03-18T00:14:32.939429300","logger_name":"com.example.integritycheck.SimpleRestController","thread_name":"http-nio-8080-exec-5","level":"INFO","level_value":20000}
{"@timestamp":"2024-03-18T00:14:33.596043+02:00","@version":"1","message":"Endpoint was called at: 2024-03-18T00:14:33.596043","logger_name":"com.example.integritycheck.SimpleRestController","thread_name":"http-nio-8080-exec-6","level":"INFO","level_value":20000}
{"@timestamp":"2024-03-18T00:16:25.3793374+02:00","@version":"1","message":"Endpoint was called at: 2024-03-18T00:16:25.379337400","logger_name":"com.example.integritycheck.SimpleRestController","thread_name":"http-nio-8080-exec-9","level":"INFO","level_value":20000}
{"@timestamp":"2024-03-18T00:16:26.2746948+02:00","@version":"1","message":"Endpoint was called at: 2024-03-18T00:16:26.274694800","logger_name":"com.example.integritycheck.SimpleRestController","thread_name":"http-nio-8080-exec-10","level":"INFO","level_value":20000}
{"@timestamp":"2024-03-18T00:16:27.3310213+02:00","@version":"1","message":"Endpoint was called at: 2024-03-18T00:16:27.331021300","logger_name":"com.example.integritycheck.SimpleRestController","thread_name":"http-nio-8080-exec-2","level":"INFO","level_value":20000}
{"@timestamp":"2024-03-18T00:16:28.2480506+02:00","@version":"1","message":"Endpoint was called at: 2024-03-18T00:16:28.248050600","logger_name":"com.example.integritycheck.SimpleRestController","thread_name":"http-nio-8080-exec-1","level":"INFO","level_value":20000}
{"@timestamp":"2024-03-18T00:16:29.0234892+02:00","@version":"1","message":"Endpoint was called at: 2024-03-18T00:16:29.023489200","logger_name":"com.example.integritycheck.SimpleRestController","thread_name":"http-nio-8080-exec-3","level":"INFO","level_value":20000}
{"@timestamp":"2024-03-18T10:46:08.2553844+02:00","@version":"1","message":"Endpoint was called at: 2024-03-18T10:46:08.254394300","logger_name":"com.example.integritycheck.SimpleRestController","thread_name":"http-nio-8080-exec-6","level":"INFO","level_value":20000}
{"@timestamp":"2024-03-18T10:46:08.8758994+02:00","@version":"1","message":"Endpoint was called at: 2024-03-18T10:46:08.875899400","logger_name":"com.example.integritycheck.SimpleRestController","thread_name":"http-nio-8080-exec-7","level":"INFO","level_value":20000}
{"@timestamp":"2024-03-18T10:46:09.5918791+02:00","@version":"1","message":"Endpoint was called at: 2024-03-18T10:46:09.591879100","logger_name":"com.example.integritycheck.SimpleRestController","thread_name":"http-nio-8080-exec-8","level":"INFO","level_value":20000}
{"@timestamp":"2024-03-24T23:57:48.9626118+02:00","@version":"1","message":"Starting IntegrityCheckApplication using Java 17.0.10 with PID 16844 (C:\\Users\\horia.beiusanu\\Documents\\uni\\licenta\\integrity-check\\build\\classes\\java\\main started by horia.beiusanu in C:\\Users\\horia.beiusanu\\Documents\\uni\\licenta\\integrity-check)","logger_name":"com.example.integritycheck.IntegrityCheckApplication","thread_name":"main","level":"INFO","level_value":20000}
{"@timestamp":"2024-03-24T23:57:48.9698718+02:00","@version":"1","message":"No active profile set, falling back to 1 default profile: \"default\"","logger_name":"com.example.integritycheck.IntegrityCheckApplication","thread_name":"main","level":"INFO","level_value":20000}
{"@timestamp":"2024-03-24T23:57:49.5208136+02:00","@version":"1","message":"Tomcat initialized with port 8080 (http)","logger_name":"org.springframework.boot.web.embedded.tomcat.TomcatWebServer","thread_name":"main","level":"INFO","level_value":20000}
{"@timestamp":"2024-03-24T23:57:49.5273335+02:00","@version":"1","message":"Initializing ProtocolHandler [\"http-nio-8080\"]","logger_name":"org.apache.coyote.http11.Http11NioProtocol","thread_name":"main","level":"INFO","level_value":20000}
{"@timestamp":"2024-03-24T23:57:49.5283412+02:00","@version":"1","message":"Starting service [Tomcat]","logger_name":"org.apache.catalina.core.StandardService","thread_name":"main","level":"INFO","level_value":20000}
{"@timestamp":"2024-03-24T23:57:49.5283412+02:00","@version":"1","message":"Starting Servlet engine: [Apache Tomcat/10.1.19]","logger_name":"org.apache.catalina.core.StandardEngine","thread_name":"main","level":"INFO","level_value":20000}
{"@timestamp":"2024-03-24T23:57:49.5668259+02:00","@version":"1","message":"Initializing Spring embedded WebApplicationContext","logger_name":"org.apache.catalina.core.ContainerBase.[Tomcat].[localhost].[/]","thread_name":"main","level":"INFO","level_value":20000}
{"@timestamp":"2024-03-24T23:57:49.5668259+02:00","@version":"1","message":"Root WebApplicationContext: initialization completed in 571 ms","logger_name":"org.springframework.boot.web.servlet.context.ServletWebServerApplicationContext","thread_name":"main","level":"INFO","level_value":20000}
{"@timestamp":"2024-03-24T23:57:49.7741164+02:00","@version":"1","message":"Starting ProtocolHandler [\"http-nio-8080\"]","logger_name":"org.apache.coyote.http11.Http11NioProtocol","thread_name":"main","level":"INFO","level_value":20000}
{"@timestamp":"2024-03-24T23:57:49.7887733+02:00","@version":"1","message":"Tomcat started on port 8080 (http) with context path ''","logger_name":"org.springframework.boot.web.embedded.tomcat.TomcatWebServer","thread_name":"main","level":"INFO","level_value":20000}
{"@timestamp":"2024-03-24T23:57:49.7937726+02:00","@version":"1","message":"Started IntegrityCheckApplication in 1.078 seconds (process running for 1.72)","logger_name":"com.example.integritycheck.IntegrityCheckApplication","thread_name":"main","level":"INFO","level_value":20000}
{"@timestamp":"2024-03-24T23:58:21.9197473+02:00","@version":"1","message":"Initializing Spring DispatcherServlet 'dispatcherServlet'","logger_name":"org.apache.catalina.core.ContainerBase.[Tomcat].[localhost].[/]","thread_name":"http-nio-8080-exec-2","level":"INFO","level_value":20000}
{"@timestamp":"2024-03-24T23:58:21.9212636+02:00","@version":"1","message":"Initializing Servlet 'dispatcherServlet'","logger_name":"org.springframework.web.servlet.DispatcherServlet","thread_name":"http-nio-8080-exec-2","level":"INFO","level_value":20000}
{"@timestamp":"2024-03-24T23:58:21.9212636+02:00","@version":"1","message":"Completed initialization in 0 ms","logger_name":"org.springframework.web.servlet.DispatcherServlet","thread_name":"http-nio-8080-exec-2","level":"INFO","level_value":20000}
{"@timestamp":"2024-03-24T23:58:21.9378663+02:00","@version":"1","message":"Endpoint was called at: 2024-03-24T23:58:21.937866300","logger_name":"com.example.integritycheck.SimpleRestController","thread_name":"http-nio-8080-exec-2","level":"INFO","level_value":20000}
{"@timestamp":"2024-03-25T10:42:33.2457394+02:00","@version":"1","message":"Endpoint was called at: 2024-03-25T10:42:33.245739400","logger_name":"com.example.integritycheck.SimpleRestController","thread_name":"http-nio-8080-exec-5","level":"INFO","level_value":20000}
{"@timestamp":"2024-03-25T10:44:47.3519553+02:00","@version":"1","message":"Endpoint was called at: 2024-03-25T10:44:47.351955300","logger_name":"com.example.integritycheck.SimpleRestController","thread_name":"http-nio-8080-exec-8","level":"INFO","level_value":20000}
{"@timestamp":"2024-03-25T10:46:41.28165+02:00","@version":"1","message":"Endpoint was called at: 2024-03-25T10:46:41.281650","logger_name":"com.example.integritycheck.SimpleRestController","thread_name":"http-nio-8080-exec-1","level":"INFO","level_value":20000}
{"@timestamp":"2024-03-25T10:48:10.3092826+02:00","@version":"1","message":"Endpoint was called at: 2024-03-25T10:48:10.309282600","logger_name":"com.example.integritycheck.SimpleRestController","thread_name":"http-nio-8080-exec-4","level":"INFO","level_value":20000}
{"@timestamp":"2024-03-25T10:52:38.3996606+02:00","@version":"1","message":"Endpoint was called at: 2024-03-25T10:52:38.399660600","logger_name":"com.example.integritycheck.SimpleRestController","thread_name":"http-nio-8080-exec-7","level":"INFO","level_value":20000}
{"@timestamp":"2024-03-25T10:56:44.3202058+02:00","@version":"1","message":"Endpoint was called at: 2024-03-25T10:56:44.320205800","logger_name":"com.example.integritycheck.SimpleRestController","thread_name":"http-nio-8080-exec-10","level":"INFO","level_value":20000}
{"@timestamp":"2024-03-25T11:01:34.6744784+02:00","@version":"1","message":"Endpoint was called at: 2024-03-25T11:01:34.674478400","logger_name":"com.example.integritycheck.SimpleRestController","thread_name":"http-nio-8080-exec-3","level":"INFO","level_value":20000}
{"@timestamp":"2024-03-25T11:10:29.7727616+02:00","@version":"1","message":"Endpoint was called at: 2024-03-25T11:10:29.772761600","logger_name":"com.example.integritycheck.SimpleRestController","thread_name":"http-nio-8080-exec-5","level":"INFO","level_value":20000}
{"@timestamp":"2024-03-25T11:19:23.8163198+02:00","@version":"1","message":"Endpoint was called at: 2024-03-25T11:19:23.816319800","logger_name":"com.example.integritycheck.SimpleRestController","thread_name":"http-nio-8080-exec-9","level":"INFO","level_value":20000}
{"@timestamp":"2024-03-25T11:29:06.8879835+02:00","@version":"1","message":"Endpoint was called at: 2024-03-25T11:29:06.887983500","logger_name":"com.example.integritycheck.SimpleRestController","thread_name":"http-nio-8080-exec-2","level":"INFO","level_value":20000}
{"@timestamp":"2024-03-27T10:41:23.919479+02:00","@version":"1","message":"Starting IntegrityCheckApplication using Java 17.0.10 with PID 34052 (C:\\Users\\horia.beiusanu\\Documents\\uni\\licenta\\integrity-check\\build\\classes\\java\\main started by horia.beiusanu in C:\\Users\\horia.beiusanu\\Documents\\uni\\licenta\\integrity-check)","logger_name":"com.example.integritycheck.IntegrityCheckApplication","thread_name":"main","level":"INFO","level_value":20000}
{"@timestamp":"2024-03-27T10:41:23.9274756+02:00","@version":"1","message":"No active profile set, falling back to 1 default profile: \"default\"","logger_name":"com.example.integritycheck.IntegrityCheckApplication","thread_name":"main","level":"INFO","level_value":20000}
{"@timestamp":"2024-03-27T10:41:24.5004207+02:00","@version":"1","message":"Tomcat initialized with port 8080 (http)","logger_name":"org.springframework.boot.web.embedded.tomcat.TomcatWebServer","thread_name":"main","level":"INFO","level_value":20000}
{"@timestamp":"2024-03-27T10:41:24.5079292+02:00","@version":"1","message":"Initializing ProtocolHandler [\"http-nio-8080\"]","logger_name":"org.apache.coyote.http11.Http11NioProtocol","thread_name":"main","level":"INFO","level_value":20000}
{"@timestamp":"2024-03-27T10:41:24.50993+02:00","@version":"1","message":"Starting service [Tomcat]","logger_name":"org.apache.catalina.core.StandardService","thread_name":"main","level":"INFO","level_value":20000}
{"@timestamp":"2024-03-27T10:41:24.50993+02:00","@version":"1","message":"Starting Servlet engine: [Apache Tomcat/10.1.19]","logger_name":"org.apache.catalina.core.StandardEngine","thread_name":"main","level":"INFO","level_value":20000}
{"@timestamp":"2024-03-27T10:41:24.5512286+02:00","@version":"1","message":"Initializing Spring embedded WebApplicationContext","logger_name":"org.apache.catalina.core.ContainerBase.[Tomcat].[localhost].[/]","thread_name":"main","level":"INFO","level_value":20000}
{"@timestamp":"2024-03-27T10:41:24.5512286+02:00","@version":"1","message":"Root WebApplicationContext: initialization completed in 596 ms","logger_name":"org.springframework.boot.web.servlet.context.ServletWebServerApplicationContext","thread_name":"main","level":"INFO","level_value":20000}
{"@timestamp":"2024-03-27T10:41:24.7738385+02:00","@version":"1","message":"Starting ProtocolHandler [\"http-nio-8080\"]","logger_name":"org.apache.coyote.http11.Http11NioProtocol","thread_name":"main","level":"INFO","level_value":20000}
{"@timestamp":"2024-03-27T10:41:24.777831+02:00","@version":"1","message":"Exception encountered during context initialization - cancelling refresh attempt: org.springframework.context.ApplicationContextException: Failed to start bean 'webServerStartStop'","logger_name":"org.springframework.boot.web.servlet.context.AnnotationConfigServletWebServerApplicationContext","thread_name":"main","level":"WARN","level_value":30000}
{"@timestamp":"2024-03-27T10:41:24.7864214+02:00","@version":"1","message":"\r\n\r\nError starting ApplicationContext. To display the condition evaluation report re-run your application with 'debug' enabled.","logger_name":"org.springframework.boot.autoconfigure.logging.ConditionEvaluationReportLogger","thread_name":"main","level":"INFO","level_value":20000}
{"@timestamp":"2024-03-27T10:41:24.7980098+02:00","@version":"1","message":"\r\n\r\n***************************\r\nAPPLICATION FAILED TO START\r\n***************************\r\n\r\nDescription:\r\n\r\nWeb server failed to start. Port 8080 was already in use.\r\n\r\nAction:\r\n\r\nIdentify and stop the process that's listening on port 8080 or configure this application to listen on another port.\r\n","logger_name":"org.springframework.boot.diagnostics.LoggingFailureAnalysisReporter","thread_name":"main","level":"ERROR","level_value":40000}
{"@timestamp":"2024-03-27T10:42:06.0333063+02:00","@version":"1","message":"Starting IntegrityCheckApplication using Java 17.0.10 with PID 16156 (C:\\Users\\horia.beiusanu\\Documents\\uni\\licenta\\integrity-check\\build\\classes\\java\\main started by horia.beiusanu in C:\\Users\\horia.beiusanu\\Documents\\uni\\licenta\\integrity-check)","logger_name":"com.example.integritycheck.IntegrityCheckApplication","thread_name":"main","level":"INFO","level_value":20000}
{"@timestamp":"2024-03-27T10:42:06.0399844+02:00","@version":"1","message":"No active profile set, falling back to 1 default profile: \"default\"","logger_name":"com.example.integritycheck.IntegrityCheckApplication","thread_name":"main","level":"INFO","level_value":20000}
{"@timestamp":"2024-03-27T10:42:06.5422101+02:00","@version":"1","message":"Tomcat initialized with port 8080 (http)","logger_name":"org.springframework.boot.web.embedded.tomcat.TomcatWebServer","thread_name":"main","level":"INFO","level_value":20000}
{"@timestamp":"2024-03-27T10:42:06.5477433+02:00","@version":"1","message":"Initializing ProtocolHandler [\"http-nio-8080\"]","logger_name":"org.apache.coyote.http11.Http11NioProtocol","thread_name":"main","level":"INFO","level_value":20000}
{"@timestamp":"2024-03-27T10:42:06.5497971+02:00","@version":"1","message":"Starting service [Tomcat]","logger_name":"org.apache.catalina.core.StandardService","thread_name":"main","level":"INFO","level_value":20000}
{"@timestamp":"2024-03-27T10:42:06.5497971+02:00","@version":"1","message":"Starting Servlet engine: [Apache Tomcat/10.1.19]","logger_name":"org.apache.catalina.core.StandardEngine","thread_name":"main","level":"INFO","level_value":20000}
{"@timestamp":"2024-03-27T10:42:06.5825792+02:00","@version":"1","message":"Initializing Spring embedded WebApplicationContext","logger_name":"org.apache.catalina.core.ContainerBase.[Tomcat].[localhost].[/]","thread_name":"main","level":"INFO","level_value":20000}
{"@timestamp":"2024-03-27T10:42:06.5825792+02:00","@version":"1","message":"Root WebApplicationContext: initialization completed in 519 ms","logger_name":"org.springframework.boot.web.servlet.context.ServletWebServerApplicationContext","thread_name":"main","level":"INFO","level_value":20000}
{"@timestamp":"2024-03-27T10:42:06.7831702+02:00","@version":"1","message":"Starting ProtocolHandler [\"http-nio-8080\"]","logger_name":"org.apache.coyote.http11.Http11NioProtocol","thread_name":"main","level":"INFO","level_value":20000}
{"@timestamp":"2024-03-27T10:42:06.7867695+02:00","@version":"1","message":"Exception encountered during context initialization - cancelling refresh attempt: org.springframework.context.ApplicationContextException: Failed to start bean 'webServerStartStop'","logger_name":"org.springframework.boot.web.servlet.context.AnnotationConfigServletWebServerApplicationContext","thread_name":"main","level":"WARN","level_value":30000}
{"@timestamp":"2024-03-27T10:42:06.7963059+02:00","@version":"1","message":"\r\n\r\nError starting ApplicationContext. To display the condition evaluation report re-run your application with 'debug' enabled.","logger_name":"org.springframework.boot.autoconfigure.logging.ConditionEvaluationReportLogger","thread_name":"main","level":"INFO","level_value":20000}
{"@timestamp":"2024-03-27T10:42:06.8063066+02:00","@version":"1","message":"\r\n\r\n***************************\r\nAPPLICATION FAILED TO START\r\n***************************\r\n\r\nDescription:\r\n\r\nWeb server failed to start. Port 8080 was already in use.\r\n\r\nAction:\r\n\r\nIdentify and stop the process that's listening on port 8080 or configure this application to listen on another port.\r\n","logger_name":"org.springframework.boot.diagnostics.LoggingFailureAnalysisReporter","thread_name":"main","level":"ERROR","level_value":40000}
{"@timestamp":"2024-03-27T10:43:02.8791582+02:00","@version":"1","message":"Starting IntegrityCheckApplication using Java 17.0.10 with PID 3364 (C:\\Users\\horia.beiusanu\\Documents\\uni\\licenta\\integrity-check\\build\\classes\\java\\main started by horia.beiusanu in C:\\Users\\horia.beiusanu\\Documents\\uni\\licenta\\integrity-check)","logger_name":"com.example.integritycheck.IntegrityCheckApplication","thread_name":"main","level":"INFO","level_value":20000}
{"@timestamp":"2024-03-27T10:43:02.8863667+02:00","@version":"1","message":"No active profile set, falling back to 1 default profile: \"default\"","logger_name":"com.example.integritycheck.IntegrityCheckApplication","thread_name":"main","level":"INFO","level_value":20000}
{"@timestamp":"2024-03-27T10:43:03.4390456+02:00","@version":"1","message":"Tomcat initialized with port 8080 (http)","logger_name":"org.springframework.boot.web.embedded.tomcat.TomcatWebServer","thread_name":"main","level":"INFO","level_value":20000}
{"@timestamp":"2024-03-27T10:43:03.4450386+02:00","@version":"1","message":"Initializing ProtocolHandler [\"http-nio-8080\"]","logger_name":"org.apache.coyote.http11.Http11NioProtocol","thread_name":"main","level":"INFO","level_value":20000}
{"@timestamp":"2024-03-27T10:43:03.4460382+02:00","@version":"1","message":"Starting service [Tomcat]","logger_name":"org.apache.catalina.core.StandardService","thread_name":"main","level":"INFO","level_value":20000}
{"@timestamp":"2024-03-27T10:43:03.4460382+02:00","@version":"1","message":"Starting Servlet engine: [Apache Tomcat/10.1.19]","logger_name":"org.apache.catalina.core.StandardEngine","thread_name":"main","level":"INFO","level_value":20000}
{"@timestamp":"2024-03-27T10:43:03.4805791+02:00","@version":"1","message":"Initializing Spring embedded WebApplicationContext","logger_name":"org.apache.catalina.core.ContainerBase.[Tomcat].[localhost].[/]","thread_name":"main","level":"INFO","level_value":20000}
{"@timestamp":"2024-03-27T10:43:03.4805791+02:00","@version":"1","message":"Root WebApplicationContext: initialization completed in 569 ms","logger_name":"org.springframework.boot.web.servlet.context.ServletWebServerApplicationContext","thread_name":"main","level":"INFO","level_value":20000}
{"@timestamp":"2024-03-27T10:43:03.6888863+02:00","@version":"1","message":"Starting ProtocolHandler [\"http-nio-8080\"]","logger_name":"org.apache.coyote.http11.Http11NioProtocol","thread_name":"main","level":"INFO","level_value":20000}
{"@timestamp":"2024-03-27T10:43:03.7059249+02:00","@version":"1","message":"Tomcat started on port 8080 (http) with context path ''","logger_name":"org.springframework.boot.web.embedded.tomcat.TomcatWebServer","thread_name":"main","level":"INFO","level_value":20000}
{"@timestamp":"2024-03-27T10:43:03.7114355+02:00","@version":"1","message":"Started IntegrityCheckApplication in 1.05 seconds (process running for 1.687)","logger_name":"com.example.integritycheck.IntegrityCheckApplication","thread_name":"main","level":"INFO","level_value":20000}
{"@timestamp":"2024-03-27T10:43:17.7227603+02:00","@version":"1","message":"Initializing Spring DispatcherServlet 'dispatcherServlet'","logger_name":"org.apache.catalina.core.ContainerBase.[Tomcat].[localhost].[/]","thread_name":"http-nio-8080-exec-2","level":"INFO","level_value":20000}
{"@timestamp":"2024-03-27T10:43:17.723759+02:00","@version":"1","message":"Initializing Servlet 'dispatcherServlet'","logger_name":"org.springframework.web.servlet.DispatcherServlet","thread_name":"http-nio-8080-exec-2","level":"INFO","level_value":20000}
{"@timestamp":"2024-03-27T10:43:17.723759+02:00","@version":"1","message":"Completed initialization in 0 ms","logger_name":"org.springframework.web.servlet.DispatcherServlet","thread_name":"http-nio-8080-exec-2","level":"INFO","level_value":20000}
{"@timestamp":"2024-03-27T10:43:17.742074+02:00","@version":"1","message":"Endpoint was called at: 2024-03-27T10:43:17.742074","logger_name":"com.example.integritycheck.SimpleRestController","thread_name":"http-nio-8080-exec-2","level":"INFO","level_value":20000}
{"@timestamp":"2024-03-27T10:49:10.418238+02:00","@version":"1","message":"Endpoint was called at: 2024-03-27T10:49:10.418238","logger_name":"com.example.integritycheck.SimpleRestController","thread_name":"http-nio-8080-exec-5","level":"INFO","level_value":20000}
{"@timestamp":"2024-03-27T10:58:23.0245943+02:00","@version":"1","message":"Endpoint was called at: 2024-03-27T10:58:23.023604300","logger_name":"com.example.integritycheck.SimpleRestController","thread_name":"http-nio-8080-exec-8","level":"INFO","level_value":20000}
{"@timestamp":"2024-03-27T12:06:34.5582898+02:00","@version":"1","message":"Endpoint was called at: 2024-03-27T12:06:34.558289800","logger_name":"com.example.integritycheck.SimpleRestController","thread_name":"http-nio-8080-exec-1","level":"INFO","level_value":20000}
